<?xml version="1.0" encoding="UTF-8"?>
<testng-results skipped="0" failed="2" total="6" passed="4">
  <reporter-output>
  </reporter-output>
  <suite name="Default suite" duration-ms="108879" started-at="2021-10-23T11:27:37Z" finished-at="2021-10-23T11:29:26Z">
    <groups>
    </groups>
    <test name="Default test" duration-ms="108879" started-at="2021-10-23T11:27:37Z" finished-at="2021-10-23T11:29:26Z">
      <class name="org.base.Dataprovider1">
        <test-method status="PASS" signature="tc01(java.lang.String, java.lang.String, java.lang.String, java.lang.String, java.lang.String, java.lang.String, java.lang.String, java.lang.String, java.lang.String, java.lang.String, java.lang.String, java.lang.String, java.lang.String, java.lang.String, java.lang.String, java.lang.String, java.lang.String, java.lang.String)[pri:0, instance:org.base.Dataprovider1@4dfa3a9d]" name="tc01" duration-ms="30099" started-at="2021-10-23T16:57:40Z" data-provider="Excel data" finished-at="2021-10-23T16:58:11Z">
          <params>
            <param index="0">
              <value>
                <![CDATA[Madhan0129]]>
              </value>
            </param>
            <param index="1">
              <value>
                <![CDATA[M7A65B]]>
              </value>
            </param>
            <param index="2">
              <value>
                <![CDATA[1]]>
              </value>
            </param>
            <param index="3">
              <value>
                <![CDATA[1]]>
              </value>
            </param>
            <param index="4">
              <value>
                <![CDATA[1]]>
              </value>
            </param>
            <param index="5">
              <value>
                <![CDATA[1]]>
              </value>
            </param>
            <param index="6">
              <value>
                <![CDATA[10/12/21]]>
              </value>
            </param>
            <param index="7">
              <value>
                <![CDATA[10/14/21]]>
              </value>
            </param>
            <param index="8">
              <value>
                <![CDATA[1]]>
              </value>
            </param>
            <param index="9">
              <value>
                <![CDATA[1]]>
              </value>
            </param>
            <param index="10">
              <value>
                <![CDATA[madhan]]>
              </value>
            </param>
            <param index="11">
              <value>
                <![CDATA[G]]>
              </value>
            </param>
            <param index="12">
              <value>
                <![CDATA[sssssssssss]]>
              </value>
            </param>
            <param index="13">
              <value>
                <![CDATA[1234432112344320]]>
              </value>
            </param>
            <param index="14">
              <value>
                <![CDATA[2]]>
              </value>
            </param>
            <param index="15">
              <value>
                <![CDATA[3]]>
              </value>
            </param>
            <param index="16">
              <value>
                <![CDATA[2]]>
              </value>
            </param>
            <param index="17">
              <value>
                <![CDATA[321]]>
              </value>
            </param>
          </params>
          <reporter-output>
          </reporter-output>
        </test-method> <!-- tc01 -->
        <test-method status="PASS" signature="tc01(java.lang.String, java.lang.String, java.lang.String, java.lang.String, java.lang.String, java.lang.String, java.lang.String, java.lang.String, java.lang.String, java.lang.String, java.lang.String, java.lang.String, java.lang.String, java.lang.String, java.lang.String, java.lang.String, java.lang.String, java.lang.String)[pri:0, instance:org.base.Dataprovider1@4dfa3a9d]" name="tc01" duration-ms="16157" started-at="2021-10-23T16:58:11Z" data-provider="Excel data" finished-at="2021-10-23T16:58:27Z">
          <params>
            <param index="0">
              <value>
                <![CDATA[Madhan0129]]>
              </value>
            </param>
            <param index="1">
              <value>
                <![CDATA[M7A65B]]>
              </value>
            </param>
            <param index="2">
              <value>
                <![CDATA[2]]>
              </value>
            </param>
            <param index="3">
              <value>
                <![CDATA[1]]>
              </value>
            </param>
            <param index="4">
              <value>
                <![CDATA[2]]>
              </value>
            </param>
            <param index="5">
              <value>
                <![CDATA[1]]>
              </value>
            </param>
            <param index="6">
              <value>
                <![CDATA[10/16/21]]>
              </value>
            </param>
            <param index="7">
              <value>
                <![CDATA[10/18/21]]>
              </value>
            </param>
            <param index="8">
              <value>
                <![CDATA[1]]>
              </value>
            </param>
            <param index="9">
              <value>
                <![CDATA[2]]>
              </value>
            </param>
            <param index="10">
              <value>
                <![CDATA[mmmm]]>
              </value>
            </param>
            <param index="11">
              <value>
                <![CDATA[aaaaaa]]>
              </value>
            </param>
            <param index="12">
              <value>
                <![CDATA[aasddfff]]>
              </value>
            </param>
            <param index="13">
              <value>
                <![CDATA[1234567887654320]]>
              </value>
            </param>
            <param index="14">
              <value>
                <![CDATA[1]]>
              </value>
            </param>
            <param index="15">
              <value>
                <![CDATA[2]]>
              </value>
            </param>
            <param index="16">
              <value>
                <![CDATA[2]]>
              </value>
            </param>
            <param index="17">
              <value>
                <![CDATA[432]]>
              </value>
            </param>
          </params>
          <reporter-output>
          </reporter-output>
        </test-method> <!-- tc01 -->
        <test-method status="PASS" signature="tc01(java.lang.String, java.lang.String, java.lang.String, java.lang.String, java.lang.String, java.lang.String, java.lang.String, java.lang.String, java.lang.String, java.lang.String, java.lang.String, java.lang.String, java.lang.String, java.lang.String, java.lang.String, java.lang.String, java.lang.String, java.lang.String)[pri:0, instance:org.base.Dataprovider1@4dfa3a9d]" name="tc01" duration-ms="25985" started-at="2021-10-23T16:58:27Z" data-provider="Excel data" finished-at="2021-10-23T16:58:53Z">
          <params>
            <param index="0">
              <value>
                <![CDATA[Madhan0129]]>
              </value>
            </param>
            <param index="1">
              <value>
                <![CDATA[M7A65B]]>
              </value>
            </param>
            <param index="2">
              <value>
                <![CDATA[1]]>
              </value>
            </param>
            <param index="3">
              <value>
                <![CDATA[1]]>
              </value>
            </param>
            <param index="4">
              <value>
                <![CDATA[1]]>
              </value>
            </param>
            <param index="5">
              <value>
                <![CDATA[2]]>
              </value>
            </param>
            <param index="6">
              <value>
                <![CDATA[10/16/21]]>
              </value>
            </param>
            <param index="7">
              <value>
                <![CDATA[10/18/21]]>
              </value>
            </param>
            <param index="8">
              <value>
                <![CDATA[1]]>
              </value>
            </param>
            <param index="9">
              <value>
                <![CDATA[1]]>
              </value>
            </param>
            <param index="10">
              <value>
                <![CDATA[GFDSSDFD]]>
              </value>
            </param>
            <param index="11">
              <value>
                <![CDATA[ERTGFDS]]>
              </value>
            </param>
            <param index="12">
              <value>
                <![CDATA[RTYTRER]]>
              </value>
            </param>
            <param index="13">
              <value>
                <![CDATA[8765432112345670]]>
              </value>
            </param>
            <param index="14">
              <value>
                <![CDATA[1]]>
              </value>
            </param>
            <param index="15">
              <value>
                <![CDATA[1]]>
              </value>
            </param>
            <param index="16">
              <value>
                <![CDATA[1]]>
              </value>
            </param>
            <param index="17">
              <value>
                <![CDATA[111]]>
              </value>
            </param>
          </params>
          <reporter-output>
          </reporter-output>
        </test-method> <!-- tc01 -->
        <test-method status="FAIL" signature="tc01(java.lang.String, java.lang.String, java.lang.String, java.lang.String, java.lang.String, java.lang.String, java.lang.String, java.lang.String, java.lang.String, java.lang.String, java.lang.String, java.lang.String, java.lang.String, java.lang.String, java.lang.String, java.lang.String, java.lang.String, java.lang.String)[pri:0, instance:org.base.Dataprovider1@4dfa3a9d]" name="tc01" duration-ms="15976" started-at="2021-10-23T16:58:53Z" data-provider="Excel data" finished-at="2021-10-23T16:59:09Z">
          <params>
            <param index="0">
              <value>
                <![CDATA[Madhan0129]]>
              </value>
            </param>
            <param index="1">
              <value>
                <![CDATA[M7A65B]]>
              </value>
            </param>
            <param index="2">
              <value>
                <![CDATA[2]]>
              </value>
            </param>
            <param index="3">
              <value>
                <![CDATA[2]]>
              </value>
            </param>
            <param index="4">
              <value>
                <![CDATA[1]]>
              </value>
            </param>
            <param index="5">
              <value>
                <![CDATA[2]]>
              </value>
            </param>
            <param index="6">
              <value>
                <![CDATA[10/16/21]]>
              </value>
            </param>
            <param index="7">
              <value>
                <![CDATA[10/18/21]]>
              </value>
            </param>
            <param index="8">
              <value>
                <![CDATA[2]]>
              </value>
            </param>
            <param index="9">
              <value>
                <![CDATA[1]]>
              </value>
            </param>
            <param index="10">
              <value>
                <![CDATA[AAAAAAAA]]>
              </value>
            </param>
            <param index="11">
              <value>
                <![CDATA[RTYHTFDS]]>
              </value>
            </param>
            <param index="12">
              <value>
                <![CDATA[FTGYHTR]]>
              </value>
            </param>
            <param index="13">
              <value>
                <![CDATA[1234432156788760]]>
              </value>
            </param>
            <param index="14">
              <value>
                <![CDATA[1]]>
              </value>
            </param>
            <param index="15">
              <value>
                <![CDATA[2]]>
              </value>
            </param>
            <param index="16">
              <value>
                <![CDATA[2]]>
              </value>
            </param>
            <param index="17">
              <value>
                <![CDATA[111]]>
              </value>
            </param>
          </params>
          <exception class="org.openqa.selenium.SessionNotCreatedException">
            <message>
              <![CDATA[session not created
from chrome not reachable
  (Session info: chrome=94.0.4606.81)
Build info: version: '3.141.59', revision: 'e82be7d358', time: '2018-11-14T08:17:03'
System info: host: 'HP', ip: '192.168.1.173', os.name: 'Windows 10', os.arch: 'amd64', os.version: '10.0', java.version: '1.8.0_291'
Driver info: driver.version: ChromeDriver
remote stacktrace: Backtrace:
	Ordinal0 [0x00AABDE3+2473443]
	Ordinal0 [0x00A46661+2057825]
	Ordinal0 [0x00952300+1057536]
	Ordinal0 [0x00947344+1012548]
	Ordinal0 [0x00947B36+1014582]
	Ordinal0 [0x00949215+1020437]
	Ordinal0 [0x00943386+996230]
	Ordinal0 [0x00953650+1062480]
	Ordinal0 [0x0099AAAA+1354410]
	Ordinal0 [0x0099974A+1349450]
	Ordinal0 [0x009955AB+1332651]
	Ordinal0 [0x00972104+1188100]
	Ordinal0 [0x00972F59+1191769]
	GetHandleVerifier [0x00C32266+1549718]
	GetHandleVerifier [0x00CDD4A7+2250711]
	GetHandleVerifier [0x00B3718B+521403]
	GetHandleVerifier [0x00B36229+517465]
	Ordinal0 [0x00A4B79D+2078621]
	Ordinal0 [0x00A4FB58+2095960]
	Ordinal0 [0x00A4FC92+2096274]
	Ordinal0 [0x00A59541+2135361]
	BaseThreadInitThunk [0x7733FA29+25]
	RtlGetAppContainerNamedObjectPath [0x77C47A9E+286]
	RtlGetAppContainerNamedObjectPath [0x77C47A6E+238]
]]>
            </message>
            <full-stacktrace>
              <![CDATA[org.openqa.selenium.SessionNotCreatedException: session not created
from chrome not reachable
  (Session info: chrome=94.0.4606.81)
Build info: version: '3.141.59', revision: 'e82be7d358', time: '2018-11-14T08:17:03'
System info: host: 'HP', ip: '192.168.1.173', os.name: 'Windows 10', os.arch: 'amd64', os.version: '10.0', java.version: '1.8.0_291'
Driver info: driver.version: ChromeDriver
remote stacktrace: Backtrace:
	Ordinal0 [0x00AABDE3+2473443]
	Ordinal0 [0x00A46661+2057825]
	Ordinal0 [0x00952300+1057536]
	Ordinal0 [0x00947344+1012548]
	Ordinal0 [0x00947B36+1014582]
	Ordinal0 [0x00949215+1020437]
	Ordinal0 [0x00943386+996230]
	Ordinal0 [0x00953650+1062480]
	Ordinal0 [0x0099AAAA+1354410]
	Ordinal0 [0x0099974A+1349450]
	Ordinal0 [0x009955AB+1332651]
	Ordinal0 [0x00972104+1188100]
	Ordinal0 [0x00972F59+1191769]
	GetHandleVerifier [0x00C32266+1549718]
	GetHandleVerifier [0x00CDD4A7+2250711]
	GetHandleVerifier [0x00B3718B+521403]
	GetHandleVerifier [0x00B36229+517465]
	Ordinal0 [0x00A4B79D+2078621]
	Ordinal0 [0x00A4FB58+2095960]
	Ordinal0 [0x00A4FC92+2096274]
	Ordinal0 [0x00A59541+2135361]
	BaseThreadInitThunk [0x7733FA29+25]
	RtlGetAppContainerNamedObjectPath [0x77C47A9E+286]
	RtlGetAppContainerNamedObjectPath [0x77C47A6E+238]

	at sun.reflect.NativeConstructorAccessorImpl.newInstance0(Native Method)
	at sun.reflect.NativeConstructorAccessorImpl.newInstance(Unknown Source)
	at sun.reflect.DelegatingConstructorAccessorImpl.newInstance(Unknown Source)
	at java.lang.reflect.Constructor.newInstance(Unknown Source)
	at org.openqa.selenium.remote.W3CHandshakeResponse.lambda$errorHandler$0(W3CHandshakeResponse.java:62)
	at org.openqa.selenium.remote.HandshakeResponse.lambda$getResponseFunction$0(HandshakeResponse.java:30)
	at org.openqa.selenium.remote.ProtocolHandshake.lambda$createSession$0(ProtocolHandshake.java:126)
	at java.util.stream.ReferencePipeline$3$1.accept(Unknown Source)
	at java.util.Spliterators$ArraySpliterator.tryAdvance(Unknown Source)
	at java.util.stream.ReferencePipeline.forEachWithCancel(Unknown Source)
	at java.util.stream.AbstractPipeline.copyIntoWithCancel(Unknown Source)
	at java.util.stream.AbstractPipeline.copyInto(Unknown Source)
	at java.util.stream.AbstractPipeline.wrapAndCopyInto(Unknown Source)
	at java.util.stream.FindOps$FindOp.evaluateSequential(Unknown Source)
	at java.util.stream.AbstractPipeline.evaluate(Unknown Source)
	at java.util.stream.ReferencePipeline.findFirst(Unknown Source)
	at org.openqa.selenium.remote.ProtocolHandshake.createSession(ProtocolHandshake.java:128)
	at org.openqa.selenium.remote.ProtocolHandshake.createSession(ProtocolHandshake.java:74)
	at org.openqa.selenium.remote.HttpCommandExecutor.execute(HttpCommandExecutor.java:136)
	at org.openqa.selenium.remote.service.DriverCommandExecutor.execute(DriverCommandExecutor.java:83)
	at org.openqa.selenium.remote.RemoteWebDriver.execute(RemoteWebDriver.java:552)
	at org.openqa.selenium.remote.RemoteWebDriver.startSession(RemoteWebDriver.java:213)
	at org.openqa.selenium.remote.RemoteWebDriver.<init>(RemoteWebDriver.java:131)
	at org.openqa.selenium.chrome.ChromeDriver.<init>(ChromeDriver.java:181)
	at org.openqa.selenium.chrome.ChromeDriver.<init>(ChromeDriver.java:168)
	at org.openqa.selenium.chrome.ChromeDriver.<init>(ChromeDriver.java:123)
	at org.base.Dataprovider1.tc01(Dataprovider1.java:57)
	at sun.reflect.NativeMethodAccessorImpl.invoke0(Native Method)
	at sun.reflect.NativeMethodAccessorImpl.invoke(Unknown Source)
	at sun.reflect.DelegatingMethodAccessorImpl.invoke(Unknown Source)
	at java.lang.reflect.Method.invoke(Unknown Source)
	at org.testng.internal.MethodInvocationHelper.invokeMethod(MethodInvocationHelper.java:100)
	at org.testng.internal.Invoker.invokeMethod(Invoker.java:646)
	at org.testng.internal.Invoker.invokeTestMethod(Invoker.java:811)
	at org.testng.internal.Invoker.invokeTestMethods(Invoker.java:1129)
	at org.testng.internal.TestMethodWorker.invokeTestMethods(TestMethodWorker.java:129)
	at org.testng.internal.TestMethodWorker.run(TestMethodWorker.java:112)
	at org.testng.TestRunner.privateRun(TestRunner.java:746)
	at org.testng.TestRunner.run(TestRunner.java:600)
	at org.testng.SuiteRunner.runTest(SuiteRunner.java:366)
	at org.testng.SuiteRunner.runSequentially(SuiteRunner.java:361)
	at org.testng.SuiteRunner.privateRun(SuiteRunner.java:319)
	at org.testng.SuiteRunner.run(SuiteRunner.java:268)
	at org.testng.SuiteRunnerWorker.runSuite(SuiteRunnerWorker.java:52)
	at org.testng.SuiteRunnerWorker.run(SuiteRunnerWorker.java:86)
	at org.testng.TestNG.runSuitesSequentially(TestNG.java:1264)
	at org.testng.TestNG.runSuitesLocally(TestNG.java:1189)
	at org.testng.TestNG.runSuites(TestNG.java:1104)
	at org.testng.TestNG.run(TestNG.java:1076)
	at org.testng.remote.AbstractRemoteTestNG.run(AbstractRemoteTestNG.java:126)
	at org.testng.remote.RemoteTestNG.initAndRun(RemoteTestNG.java:152)
	at org.testng.remote.RemoteTestNG.main(RemoteTestNG.java:57)
]]>
            </full-stacktrace>
          </exception> <!-- org.openqa.selenium.SessionNotCreatedException -->
          <reporter-output>
          </reporter-output>
        </test-method> <!-- tc01 -->
        <test-method status="FAIL" signature="tc01(java.lang.String, java.lang.String, java.lang.String, java.lang.String, java.lang.String, java.lang.String, java.lang.String, java.lang.String, java.lang.String, java.lang.String, java.lang.String, java.lang.String, java.lang.String, java.lang.String, java.lang.String, java.lang.String, java.lang.String, java.lang.String)[pri:0, instance:org.base.Dataprovider1@4dfa3a9d]" name="tc01" duration-ms="16885" started-at="2021-10-23T16:59:09Z" data-provider="Excel data" finished-at="2021-10-23T16:59:26Z">
          <params>
            <param index="0">
              <value>
                <![CDATA[Madhan0129]]>
              </value>
            </param>
            <param index="1">
              <value>
                <![CDATA[M7A65B]]>
              </value>
            </param>
            <param index="2">
              <value>
                <![CDATA[3]]>
              </value>
            </param>
            <param index="3">
              <value>
                <![CDATA[2]]>
              </value>
            </param>
            <param index="4">
              <value>
                <![CDATA[1]]>
              </value>
            </param>
            <param index="5">
              <value>
                <![CDATA[1]]>
              </value>
            </param>
            <param index="6">
              <value>
                <![CDATA[10/16/21]]>
              </value>
            </param>
            <param index="7">
              <value>
                <![CDATA[10/18/21]]>
              </value>
            </param>
            <param index="8">
              <value>
                <![CDATA[2]]>
              </value>
            </param>
            <param index="9">
              <value>
                <![CDATA[1]]>
              </value>
            </param>
            <param index="10">
              <value>
                <![CDATA[AAAAAAAA]]>
              </value>
            </param>
            <param index="11">
              <value>
                <![CDATA[HGFDS]]>
              </value>
            </param>
            <param index="12">
              <value>
                <![CDATA[DFGHYTRE]]>
              </value>
            </param>
            <param index="13">
              <value>
                <![CDATA[1234567887654320]]>
              </value>
            </param>
            <param index="14">
              <value>
                <![CDATA[1]]>
              </value>
            </param>
            <param index="15">
              <value>
                <![CDATA[3]]>
              </value>
            </param>
            <param index="16">
              <value>
                <![CDATA[1]]>
              </value>
            </param>
            <param index="17">
              <value>
                <![CDATA[222]]>
              </value>
            </param>
          </params>
          <exception class="org.openqa.selenium.ElementNotInteractableException">
            <message>
              <![CDATA[element not interactable
  (Session info: chrome=94.0.4606.81)
Build info: version: '3.141.59', revision: 'e82be7d358', time: '2018-11-14T08:17:03'
System info: host: 'HP', ip: '192.168.1.173', os.name: 'Windows 10', os.arch: 'amd64', os.version: '10.0', java.version: '1.8.0_291'
Driver info: org.openqa.selenium.chrome.ChromeDriver
Capabilities {acceptInsecureCerts: false, browserName: chrome, browserVersion: 94.0.4606.81, chrome: {chromedriverVersion: 94.0.4606.61 (418b78f5838ed..., userDataDir: C:\Users\elcot\AppData\Loca...}, goog:chromeOptions: {debuggerAddress: localhost:51502}, javascriptEnabled: true, networkConnectionEnabled: false, pageLoadStrategy: normal, platform: WINDOWS, platformName: WINDOWS, proxy: Proxy(), setWindowRect: true, strictFileInteractability: false, timeouts: {implicit: 0, pageLoad: 300000, script: 30000}, unhandledPromptBehavior: dismiss and notify, webauthn:extension:credBlob: true, webauthn:extension:largeBlob: true, webauthn:virtualAuthenticators: true}
Session ID: 823f960599a23c9e1b4bfdc1717fccaa]]>
            </message>
            <full-stacktrace>
              <![CDATA[org.openqa.selenium.ElementNotInteractableException: element not interactable
  (Session info: chrome=94.0.4606.81)
Build info: version: '3.141.59', revision: 'e82be7d358', time: '2018-11-14T08:17:03'
System info: host: 'HP', ip: '192.168.1.173', os.name: 'Windows 10', os.arch: 'amd64', os.version: '10.0', java.version: '1.8.0_291'
Driver info: org.openqa.selenium.chrome.ChromeDriver
Capabilities {acceptInsecureCerts: false, browserName: chrome, browserVersion: 94.0.4606.81, chrome: {chromedriverVersion: 94.0.4606.61 (418b78f5838ed..., userDataDir: C:\Users\elcot\AppData\Loca...}, goog:chromeOptions: {debuggerAddress: localhost:51502}, javascriptEnabled: true, networkConnectionEnabled: false, pageLoadStrategy: normal, platform: WINDOWS, platformName: WINDOWS, proxy: Proxy(), setWindowRect: true, strictFileInteractability: false, timeouts: {implicit: 0, pageLoad: 300000, script: 30000}, unhandledPromptBehavior: dismiss and notify, webauthn:extension:credBlob: true, webauthn:extension:largeBlob: true, webauthn:virtualAuthenticators: true}
Session ID: 823f960599a23c9e1b4bfdc1717fccaa
	at sun.reflect.NativeConstructorAccessorImpl.newInstance0(Native Method)
	at sun.reflect.NativeConstructorAccessorImpl.newInstance(Unknown Source)
	at sun.reflect.DelegatingConstructorAccessorImpl.newInstance(Unknown Source)
	at java.lang.reflect.Constructor.newInstance(Unknown Source)
	at org.openqa.selenium.remote.http.W3CHttpResponseCodec.createException(W3CHttpResponseCodec.java:187)
	at org.openqa.selenium.remote.http.W3CHttpResponseCodec.decode(W3CHttpResponseCodec.java:122)
	at org.openqa.selenium.remote.http.W3CHttpResponseCodec.decode(W3CHttpResponseCodec.java:49)
	at org.openqa.selenium.remote.HttpCommandExecutor.execute(HttpCommandExecutor.java:158)
	at org.openqa.selenium.remote.service.DriverCommandExecutor.execute(DriverCommandExecutor.java:83)
	at org.openqa.selenium.remote.RemoteWebDriver.execute(RemoteWebDriver.java:552)
	at org.openqa.selenium.remote.RemoteWebElement.execute(RemoteWebElement.java:285)
	at org.openqa.selenium.remote.RemoteWebElement.sendKeys(RemoteWebElement.java:106)
	at org.base.Dataprovider1.tc01(Dataprovider1.java:118)
	at sun.reflect.NativeMethodAccessorImpl.invoke0(Native Method)
	at sun.reflect.NativeMethodAccessorImpl.invoke(Unknown Source)
	at sun.reflect.DelegatingMethodAccessorImpl.invoke(Unknown Source)
	at java.lang.reflect.Method.invoke(Unknown Source)
	at org.testng.internal.MethodInvocationHelper.invokeMethod(MethodInvocationHelper.java:100)
	at org.testng.internal.Invoker.invokeMethod(Invoker.java:646)
	at org.testng.internal.Invoker.invokeTestMethod(Invoker.java:811)
	at org.testng.internal.Invoker.invokeTestMethods(Invoker.java:1129)
	at org.testng.internal.TestMethodWorker.invokeTestMethods(TestMethodWorker.java:129)
	at org.testng.internal.TestMethodWorker.run(TestMethodWorker.java:112)
	at org.testng.TestRunner.privateRun(TestRunner.java:746)
	at org.testng.TestRunner.run(TestRunner.java:600)
	at org.testng.SuiteRunner.runTest(SuiteRunner.java:366)
	at org.testng.SuiteRunner.runSequentially(SuiteRunner.java:361)
	at org.testng.SuiteRunner.privateRun(SuiteRunner.java:319)
	at org.testng.SuiteRunner.run(SuiteRunner.java:268)
	at org.testng.SuiteRunnerWorker.runSuite(SuiteRunnerWorker.java:52)
	at org.testng.SuiteRunnerWorker.run(SuiteRunnerWorker.java:86)
	at org.testng.TestNG.runSuitesSequentially(TestNG.java:1264)
	at org.testng.TestNG.runSuitesLocally(TestNG.java:1189)
	at org.testng.TestNG.runSuites(TestNG.java:1104)
	at org.testng.TestNG.run(TestNG.java:1076)
	at org.testng.remote.AbstractRemoteTestNG.run(AbstractRemoteTestNG.java:126)
	at org.testng.remote.RemoteTestNG.initAndRun(RemoteTestNG.java:152)
	at org.testng.remote.RemoteTestNG.main(RemoteTestNG.java:57)
]]>
            </full-stacktrace>
          </exception> <!-- org.openqa.selenium.ElementNotInteractableException -->
          <reporter-output>
          </reporter-output>
        </test-method> <!-- tc01 -->
        <test-method status="PASS" signature="tc011()[pri:0, instance:org.base.Dataprovider1@4dfa3a9d]" name="tc011" duration-ms="0" started-at="2021-10-23T16:59:26Z" finished-at="2021-10-23T16:59:26Z">
          <reporter-output>
          </reporter-output>
        </test-method> <!-- tc011 -->
      </class> <!-- org.base.Dataprovider1 -->
    </test> <!-- Default test -->
  </suite> <!-- Default suite -->
</testng-results>
